2019-07-25 20:21:46 INFO   admin:13 - This is info
2019-07-25 20:21:46 WARN   admin:14 - This is warn
2019-07-25 20:21:46 ERROR  admin:15 - This is error
2019-07-25 20:21:46 FATAL  admin:16 - This is fatal
2019-07-25 21:48:27 INFO   admin:13 - This is info
2019-07-25 21:48:27 WARN   admin:14 - This is warn
2019-07-25 21:48:27 ERROR  admin:15 - This is error
2019-07-25 21:48:27 FATAL  admin:16 - This is fatal
2019-11-03 21:58:07 INFO   admin:12 - This is info
2019-11-03 21:58:07 WARN   admin:13 - This is warn
2019-11-03 21:58:07 ERROR  admin:14 - This is error
2019-11-03 21:58:07 FATAL  admin:15 - This is fatal
2019-11-03 22:05:49 INFO   admin:16 - / by zero
2019-11-03 22:05:49 INFO   admin:19 - This is info
2019-11-03 22:05:49 WARN   admin:20 - This is warn
2019-11-03 22:05:49 ERROR  admin:21 - This is error
2019-11-03 22:05:49 FATAL  admin:22 - This is fatal
2019-11-03 22:06:38 INFO   admin:16 - / by zero ОШибка вычисления
2019-11-03 22:06:38 INFO   admin:19 - This is info
2019-11-03 22:06:38 WARN   admin:20 - This is warn
2019-11-03 22:06:38 ERROR  admin:21 - This is error
2019-11-03 22:06:38 FATAL  admin:22 - This is fatal
